have_header: checking for sqlite3.h... -------------------- yes

"/usr/bin/gcc-4.2 -o conftest -I/Users/meganii/.rvm/rubies/ruby-1.9.2-p290/include/ruby-1.9.1/x86_64-darwin11.2.0 -I/Users/meganii/.rvm/rubies/ruby-1.9.2-p290/include/ruby-1.9.1/ruby/backward -I/Users/meganii/.rvm/rubies/ruby-1.9.2-p290/include/ruby-1.9.1 -I. -I/usr/local/include -I/opt/local/include -I/usr/include -D_XOPEN_SOURCE -D_DARWIN_C_SOURCE    -O3 -ggdb -Wextra -Wno-unused-parameter -Wno-parentheses -Wpointer-arith -Wwrite-strings -Wno-missing-field-initializers -Wshorten-64-to-32 -Wno-long-long  -fno-common -pipe -Wall  conftest.c  -L. -L/Users/meganii/.rvm/rubies/ruby-1.9.2-p290/lib -L/usr/local/lib -L/opt/local/lib -L/usr/lib -L.      -lruby.1.9.1-static  -lpthread -ldl -lobjc "
ld: warning: directory not found for option '-L/opt/local/lib'
checked program was:
/* begin */
1: #include "ruby.h"
2: 
3: int main() {return 0;}
/* end */

"/usr/bin/gcc-4.2 -E -I/Users/meganii/.rvm/rubies/ruby-1.9.2-p290/include/ruby-1.9.1/x86_64-darwin11.2.0 -I/Users/meganii/.rvm/rubies/ruby-1.9.2-p290/include/ruby-1.9.1/ruby/backward -I/Users/meganii/.rvm/rubies/ruby-1.9.2-p290/include/ruby-1.9.1 -I. -I/usr/local/include -I/opt/local/include -I/usr/include -D_XOPEN_SOURCE -D_DARWIN_C_SOURCE    -O3 -ggdb -Wextra -Wno-unused-parameter -Wno-parentheses -Wpointer-arith -Wwrite-strings -Wno-missing-field-initializers -Wshorten-64-to-32 -Wno-long-long  -fno-common -pipe -Wall   conftest.c -o conftest.i"
checked program was:
/* begin */
1: #include "ruby.h"
2: 
3: #include <sqlite3.h>
/* end */

--------------------

have_library: checking for sqlite3_open() in -lsqlite3... -------------------- yes

"/usr/bin/gcc-4.2 -o conftest -I/Users/meganii/.rvm/rubies/ruby-1.9.2-p290/include/ruby-1.9.1/x86_64-darwin11.2.0 -I/Users/meganii/.rvm/rubies/ruby-1.9.2-p290/include/ruby-1.9.1/ruby/backward -I/Users/meganii/.rvm/rubies/ruby-1.9.2-p290/include/ruby-1.9.1 -I. -I/usr/local/include -I/opt/local/include -I/usr/include -D_XOPEN_SOURCE -D_DARWIN_C_SOURCE    -O3 -ggdb -Wextra -Wno-unused-parameter -Wno-parentheses -Wpointer-arith -Wwrite-strings -Wno-missing-field-initializers -Wshorten-64-to-32 -Wno-long-long  -fno-common -pipe -Wall  conftest.c  -L. -L/Users/meganii/.rvm/rubies/ruby-1.9.2-p290/lib -L/usr/local/lib -L/opt/local/lib -L/usr/lib -L.      -lruby.1.9.1-static -lsqlite3  -lpthread -ldl -lobjc "
conftest.c: In function 't':
conftest.c:5: error: 'sqlite3_open' undeclared (first use in this function)
conftest.c:5: error: (Each undeclared identifier is reported only once
conftest.c:5: error: for each function it appears in.)
checked program was:
/* begin */
1: #include "ruby.h"
2: 
3: /*top*/
4: int main() {return 0;}
5: int t() { void ((*volatile p)()); p = (void ((*)()))sqlite3_open; return 0; }
/* end */

"/usr/bin/gcc-4.2 -o conftest -I/Users/meganii/.rvm/rubies/ruby-1.9.2-p290/include/ruby-1.9.1/x86_64-darwin11.2.0 -I/Users/meganii/.rvm/rubies/ruby-1.9.2-p290/include/ruby-1.9.1/ruby/backward -I/Users/meganii/.rvm/rubies/ruby-1.9.2-p290/include/ruby-1.9.1 -I. -I/usr/local/include -I/opt/local/include -I/usr/include -D_XOPEN_SOURCE -D_DARWIN_C_SOURCE    -O3 -ggdb -Wextra -Wno-unused-parameter -Wno-parentheses -Wpointer-arith -Wwrite-strings -Wno-missing-field-initializers -Wshorten-64-to-32 -Wno-long-long  -fno-common -pipe -Wall  conftest.c  -L. -L/Users/meganii/.rvm/rubies/ruby-1.9.2-p290/lib -L/usr/local/lib -L/opt/local/lib -L/usr/lib -L.      -lruby.1.9.1-static -lsqlite3  -lpthread -ldl -lobjc "
conftest.c: In function 't':
conftest.c:5: warning: implicit declaration of function 'sqlite3_open'
ld: warning: directory not found for option '-L/opt/local/lib'
checked program was:
/* begin */
1: #include "ruby.h"
2: 
3: /*top*/
4: int main() {return 0;}
5: int t() { sqlite3_open(); return 0; }
/* end */

--------------------

have_func: checking for localtime_r()... -------------------- yes

"/usr/bin/gcc-4.2 -o conftest -I/Users/meganii/.rvm/rubies/ruby-1.9.2-p290/include/ruby-1.9.1/x86_64-darwin11.2.0 -I/Users/meganii/.rvm/rubies/ruby-1.9.2-p290/include/ruby-1.9.1/ruby/backward -I/Users/meganii/.rvm/rubies/ruby-1.9.2-p290/include/ruby-1.9.1 -I. -I/usr/local/include -I/opt/local/include -I/usr/include -D_XOPEN_SOURCE -D_DARWIN_C_SOURCE    -O3 -ggdb -Wextra -Wno-unused-parameter -Wno-parentheses -Wpointer-arith -Wwrite-strings -Wno-missing-field-initializers -Wshorten-64-to-32 -Wno-long-long  -fno-common -pipe -Wall  conftest.c  -L. -L/Users/meganii/.rvm/rubies/ruby-1.9.2-p290/lib -L/usr/local/lib -L/opt/local/lib -L/usr/lib -L.     -lsqlite3  -lruby.1.9.1-static -lsqlite3  -lpthread -ldl -lobjc "
ld: warning: directory not found for option '-L/opt/local/lib'
checked program was:
/* begin */
1: #include "ruby.h"
2: 
3: /*top*/
4: int main() {return 0;}
5: int t() { void ((*volatile p)()); p = (void ((*)()))localtime_r; return 0; }
/* end */

--------------------

have_func: checking for gmtime_r()... -------------------- yes

"/usr/bin/gcc-4.2 -o conftest -I/Users/meganii/.rvm/rubies/ruby-1.9.2-p290/include/ruby-1.9.1/x86_64-darwin11.2.0 -I/Users/meganii/.rvm/rubies/ruby-1.9.2-p290/include/ruby-1.9.1/ruby/backward -I/Users/meganii/.rvm/rubies/ruby-1.9.2-p290/include/ruby-1.9.1 -I. -I/usr/local/include -I/opt/local/include -I/usr/include -D_XOPEN_SOURCE -D_DARWIN_C_SOURCE    -O3 -ggdb -Wextra -Wno-unused-parameter -Wno-parentheses -Wpointer-arith -Wwrite-strings -Wno-missing-field-initializers -Wshorten-64-to-32 -Wno-long-long  -fno-common -pipe -Wall  conftest.c  -L. -L/Users/meganii/.rvm/rubies/ruby-1.9.2-p290/lib -L/usr/local/lib -L/opt/local/lib -L/usr/lib -L.     -lsqlite3  -lruby.1.9.1-static -lsqlite3  -lpthread -ldl -lobjc "
ld: warning: directory not found for option '-L/opt/local/lib'
checked program was:
/* begin */
1: #include "ruby.h"
2: 
3: /*top*/
4: int main() {return 0;}
5: int t() { void ((*volatile p)()); p = (void ((*)()))gmtime_r; return 0; }
/* end */

--------------------

have_func: checking for sqlite3_prepare_v2()... -------------------- yes

"/usr/bin/gcc-4.2 -o conftest -I/Users/meganii/.rvm/rubies/ruby-1.9.2-p290/include/ruby-1.9.1/x86_64-darwin11.2.0 -I/Users/meganii/.rvm/rubies/ruby-1.9.2-p290/include/ruby-1.9.1/ruby/backward -I/Users/meganii/.rvm/rubies/ruby-1.9.2-p290/include/ruby-1.9.1 -I. -I/usr/local/include -I/opt/local/include -I/usr/include -D_XOPEN_SOURCE -D_DARWIN_C_SOURCE    -O3 -ggdb -Wextra -Wno-unused-parameter -Wno-parentheses -Wpointer-arith -Wwrite-strings -Wno-missing-field-initializers -Wshorten-64-to-32 -Wno-long-long  -fno-common -pipe -Wall  conftest.c  -L. -L/Users/meganii/.rvm/rubies/ruby-1.9.2-p290/lib -L/usr/local/lib -L/opt/local/lib -L/usr/lib -L.     -lsqlite3  -lruby.1.9.1-static -lsqlite3  -lpthread -ldl -lobjc "
conftest.c: In function 't':
conftest.c:5: error: 'sqlite3_prepare_v2' undeclared (first use in this function)
conftest.c:5: error: (Each undeclared identifier is reported only once
conftest.c:5: error: for each function it appears in.)
checked program was:
/* begin */
1: #include "ruby.h"
2: 
3: /*top*/
4: int main() {return 0;}
5: int t() { void ((*volatile p)()); p = (void ((*)()))sqlite3_prepare_v2; return 0; }
/* end */

"/usr/bin/gcc-4.2 -o conftest -I/Users/meganii/.rvm/rubies/ruby-1.9.2-p290/include/ruby-1.9.1/x86_64-darwin11.2.0 -I/Users/meganii/.rvm/rubies/ruby-1.9.2-p290/include/ruby-1.9.1/ruby/backward -I/Users/meganii/.rvm/rubies/ruby-1.9.2-p290/include/ruby-1.9.1 -I. -I/usr/local/include -I/opt/local/include -I/usr/include -D_XOPEN_SOURCE -D_DARWIN_C_SOURCE    -O3 -ggdb -Wextra -Wno-unused-parameter -Wno-parentheses -Wpointer-arith -Wwrite-strings -Wno-missing-field-initializers -Wshorten-64-to-32 -Wno-long-long  -fno-common -pipe -Wall  conftest.c  -L. -L/Users/meganii/.rvm/rubies/ruby-1.9.2-p290/lib -L/usr/local/lib -L/opt/local/lib -L/usr/lib -L.     -lsqlite3  -lruby.1.9.1-static -lsqlite3  -lpthread -ldl -lobjc "
conftest.c: In function 't':
conftest.c:5: warning: implicit declaration of function 'sqlite3_prepare_v2'
ld: warning: directory not found for option '-L/opt/local/lib'
checked program was:
/* begin */
1: #include "ruby.h"
2: 
3: /*top*/
4: int main() {return 0;}
5: int t() { sqlite3_prepare_v2(); return 0; }
/* end */

--------------------

have_func: checking for sqlite3_open_v2()... -------------------- yes

"/usr/bin/gcc-4.2 -o conftest -I/Users/meganii/.rvm/rubies/ruby-1.9.2-p290/include/ruby-1.9.1/x86_64-darwin11.2.0 -I/Users/meganii/.rvm/rubies/ruby-1.9.2-p290/include/ruby-1.9.1/ruby/backward -I/Users/meganii/.rvm/rubies/ruby-1.9.2-p290/include/ruby-1.9.1 -I. -I/usr/local/include -I/opt/local/include -I/usr/include -D_XOPEN_SOURCE -D_DARWIN_C_SOURCE    -O3 -ggdb -Wextra -Wno-unused-parameter -Wno-parentheses -Wpointer-arith -Wwrite-strings -Wno-missing-field-initializers -Wshorten-64-to-32 -Wno-long-long  -fno-common -pipe -Wall  conftest.c  -L. -L/Users/meganii/.rvm/rubies/ruby-1.9.2-p290/lib -L/usr/local/lib -L/opt/local/lib -L/usr/lib -L.     -lsqlite3  -lruby.1.9.1-static -lsqlite3  -lpthread -ldl -lobjc "
conftest.c: In function 't':
conftest.c:5: error: 'sqlite3_open_v2' undeclared (first use in this function)
conftest.c:5: error: (Each undeclared identifier is reported only once
conftest.c:5: error: for each function it appears in.)
checked program was:
/* begin */
1: #include "ruby.h"
2: 
3: /*top*/
4: int main() {return 0;}
5: int t() { void ((*volatile p)()); p = (void ((*)()))sqlite3_open_v2; return 0; }
/* end */

"/usr/bin/gcc-4.2 -o conftest -I/Users/meganii/.rvm/rubies/ruby-1.9.2-p290/include/ruby-1.9.1/x86_64-darwin11.2.0 -I/Users/meganii/.rvm/rubies/ruby-1.9.2-p290/include/ruby-1.9.1/ruby/backward -I/Users/meganii/.rvm/rubies/ruby-1.9.2-p290/include/ruby-1.9.1 -I. -I/usr/local/include -I/opt/local/include -I/usr/include -D_XOPEN_SOURCE -D_DARWIN_C_SOURCE    -O3 -ggdb -Wextra -Wno-unused-parameter -Wno-parentheses -Wpointer-arith -Wwrite-strings -Wno-missing-field-initializers -Wshorten-64-to-32 -Wno-long-long  -fno-common -pipe -Wall  conftest.c  -L. -L/Users/meganii/.rvm/rubies/ruby-1.9.2-p290/lib -L/usr/local/lib -L/opt/local/lib -L/usr/lib -L.     -lsqlite3  -lruby.1.9.1-static -lsqlite3  -lpthread -ldl -lobjc "
conftest.c: In function 't':
conftest.c:5: warning: implicit declaration of function 'sqlite3_open_v2'
ld: warning: directory not found for option '-L/opt/local/lib'
checked program was:
/* begin */
1: #include "ruby.h"
2: 
3: /*top*/
4: int main() {return 0;}
5: int t() { sqlite3_open_v2(); return 0; }
/* end */

--------------------

have_func: checking for sqlite3_enable_load_extension()... -------------------- no

"/usr/bin/gcc-4.2 -o conftest -I/Users/meganii/.rvm/rubies/ruby-1.9.2-p290/include/ruby-1.9.1/x86_64-darwin11.2.0 -I/Users/meganii/.rvm/rubies/ruby-1.9.2-p290/include/ruby-1.9.1/ruby/backward -I/Users/meganii/.rvm/rubies/ruby-1.9.2-p290/include/ruby-1.9.1 -I. -I/usr/local/include -I/opt/local/include -I/usr/include -D_XOPEN_SOURCE -D_DARWIN_C_SOURCE    -O3 -ggdb -Wextra -Wno-unused-parameter -Wno-parentheses -Wpointer-arith -Wwrite-strings -Wno-missing-field-initializers -Wshorten-64-to-32 -Wno-long-long  -fno-common -pipe -Wall  conftest.c  -L. -L/Users/meganii/.rvm/rubies/ruby-1.9.2-p290/lib -L/usr/local/lib -L/opt/local/lib -L/usr/lib -L.     -lsqlite3  -lruby.1.9.1-static -lsqlite3  -lpthread -ldl -lobjc "
conftest.c: In function 't':
conftest.c:5: error: 'sqlite3_enable_load_extension' undeclared (first use in this function)
conftest.c:5: error: (Each undeclared identifier is reported only once
conftest.c:5: error: for each function it appears in.)
checked program was:
/* begin */
1: #include "ruby.h"
2: 
3: /*top*/
4: int main() {return 0;}
5: int t() { void ((*volatile p)()); p = (void ((*)()))sqlite3_enable_load_extension; return 0; }
/* end */

"/usr/bin/gcc-4.2 -o conftest -I/Users/meganii/.rvm/rubies/ruby-1.9.2-p290/include/ruby-1.9.1/x86_64-darwin11.2.0 -I/Users/meganii/.rvm/rubies/ruby-1.9.2-p290/include/ruby-1.9.1/ruby/backward -I/Users/meganii/.rvm/rubies/ruby-1.9.2-p290/include/ruby-1.9.1 -I. -I/usr/local/include -I/opt/local/include -I/usr/include -D_XOPEN_SOURCE -D_DARWIN_C_SOURCE    -O3 -ggdb -Wextra -Wno-unused-parameter -Wno-parentheses -Wpointer-arith -Wwrite-strings -Wno-missing-field-initializers -Wshorten-64-to-32 -Wno-long-long  -fno-common -pipe -Wall  conftest.c  -L. -L/Users/meganii/.rvm/rubies/ruby-1.9.2-p290/lib -L/usr/local/lib -L/opt/local/lib -L/usr/lib -L.     -lsqlite3  -lruby.1.9.1-static -lsqlite3  -lpthread -ldl -lobjc "
conftest.c: In function 't':
conftest.c:5: warning: implicit declaration of function 'sqlite3_enable_load_extension'
ld: warning: directory not found for option '-L/opt/local/lib'
Undefined symbols for architecture x86_64:
  "_sqlite3_enable_load_extension", referenced from:
      _t in ccbsIN7h.o
ld: symbol(s) not found for architecture x86_64
collect2: ld returned 1 exit status
checked program was:
/* begin */
1: #include "ruby.h"
2: 
3: /*top*/
4: int main() {return 0;}
5: int t() { sqlite3_enable_load_extension(); return 0; }
/* end */

--------------------

